This file contains any messages produced by compilers while
running configure, to aid debugging if configure makes a mistake.

It was created by libnl configure 3.2.23, which was
generated by GNU Autoconf 2.69.  Invocation command line was

  $ ./configure --prefix=/usr --sysconfdir=/etc

## --------- ##
## Platform. ##
## --------- ##

hostname = debian
uname -m = x86_64
uname -r = 2.6.33.1
uname -s = Linux
uname -v = #1 SMP Mon Dec 30 10:58:46 CST 2013

/usr/bin/uname -p = unknown
/bin/uname -X     = unknown

/bin/arch              = unknown
/usr/bin/arch -k       = unknown
/usr/convex/getsysinfo = unknown
/usr/bin/hostinfo      = unknown
/bin/machine           = unknown
/usr/bin/oslevel       = unknown
/bin/universe          = unknown

PATH: /usr/local/sbin
PATH: /usr/local/bin
PATH: /usr/sbin
PATH: /usr/bin
PATH: /sbin
PATH: /bin


## ----------- ##
## Core tests. ##
## ----------- ##

configure:2206: checking for a BSD-compatible install
configure:2274: result: /usr/bin/install -c
configure:2285: checking whether build environment is sane
configure:2340: result: yes
configure:2491: checking for a thread-safe mkdir -p
configure:2530: result: /bin/mkdir -p
configure:2537: checking for gawk
configure:2567: result: no
configure:2537: checking for mawk
configure:2553: found /usr/bin/mawk
configure:2564: result: mawk
configure:2575: checking whether make sets $(MAKE)
configure:2597: result: yes
configure:2626: checking whether make supports nested variables
configure:2643: result: yes
configure:2738: checking whether make supports nested variables
configure:2755: result: yes
configure:2778: checking for style of include used by make
configure:2806: result: GNU
configure:2877: checking for gcc
configure:2893: found /usr/bin/gcc
configure:2904: result: gcc
configure:3133: checking for C compiler version
configure:3142: gcc --version >&5
gcc (Debian 4.4.5-8) 4.4.5
Copyright (C) 2010 Free Software Foundation, Inc.
This is free software; see the source for copying conditions.  There is NO
warranty; not even for MERCHANTABILITY or FITNESS FOR A PARTICULAR PURPOSE.

configure:3153: $? = 0
configure:3142: gcc -v >&5
Using built-in specs.
Target: x86_64-linux-gnu
Configured with: ../src/configure -v --with-pkgversion='Debian 4.4.5-8' --with-bugurl=file:///usr/share/doc/gcc-4.4/README.Bugs --enable-languages=c,c++,fortran,objc,obj-c++ --prefix=/usr --program-suffix=-4.4 --enable-shared --enable-multiarch --enable-linker-build-id --with-system-zlib --libexecdir=/usr/lib --without-included-gettext --enable-threads=posix --with-gxx-include-dir=/usr/include/c++/4.4 --libdir=/usr/lib --enable-nls --enable-clocale=gnu --enable-libstdcxx-debug --enable-objc-gc --with-arch-32=i586 --with-tune=generic --enable-checking=release --build=x86_64-linux-gnu --host=x86_64-linux-gnu --target=x86_64-linux-gnu
Thread model: posix
gcc version 4.4.5 (Debian 4.4.5-8) 
configure:3153: $? = 0
configure:3142: gcc -V >&5
gcc: '-V' option must have argument
configure:3153: $? = 1
configure:3142: gcc -qversion >&5
gcc: unrecognized option '-qversion'
gcc: no input files
configure:3153: $? = 1
configure:3173: checking whether the C compiler works
configure:3195: gcc    conftest.c  >&5
configure:3199: $? = 0
configure:3247: result: yes
configure:3250: checking for C compiler default output file name
configure:3252: result: a.out
configure:3258: checking for suffix of executables
configure:3265: gcc -o conftest    conftest.c  >&5
configure:3269: $? = 0
configure:3291: result: 
configure:3313: checking whether we are cross compiling
configure:3321: gcc -o conftest    conftest.c  >&5
configure:3325: $? = 0
configure:3332: ./conftest
configure:3336: $? = 0
configure:3351: result: no
configure:3356: checking for suffix of object files
configure:3378: gcc -c   conftest.c >&5
configure:3382: $? = 0
configure:3403: result: o
configure:3407: checking whether we are using the GNU C compiler
configure:3426: gcc -c   conftest.c >&5
configure:3426: $? = 0
configure:3435: result: yes
configure:3444: checking whether gcc accepts -g
configure:3464: gcc -c -g  conftest.c >&5
configure:3464: $? = 0
configure:3505: result: yes
configure:3522: checking for gcc option to accept ISO C89
configure:3585: gcc  -c -g -O2  conftest.c >&5
configure:3585: $? = 0
configure:3598: result: none needed
configure:3620: checking dependency style of gcc
configure:3731: result: gcc3
configure:3796: checking for ar
configure:3812: found /usr/bin/ar
configure:3823: result: ar
configure:3849: checking the archiver (ar) interface
configure:3859: gcc -c -g -O2  conftest.c >&5
configure:3859: $? = 0
configure:3861: ar cru libconftest.a conftest.o >&5
configure:3864: $? = 0
configure:3887: result: ar
configure:3972: checking for gcc
configure:3999: result: gcc
configure:4228: checking for C compiler version
configure:4237: gcc --version >&5
gcc (Debian 4.4.5-8) 4.4.5
Copyright (C) 2010 Free Software Foundation, Inc.
This is free software; see the source for copying conditions.  There is NO
warranty; not even for MERCHANTABILITY or FITNESS FOR A PARTICULAR PURPOSE.

configure:4248: $? = 0
configure:4237: gcc -v >&5
Using built-in specs.
Target: x86_64-linux-gnu
Configured with: ../src/configure -v --with-pkgversion='Debian 4.4.5-8' --with-bugurl=file:///usr/share/doc/gcc-4.4/README.Bugs --enable-languages=c,c++,fortran,objc,obj-c++ --prefix=/usr --program-suffix=-4.4 --enable-shared --enable-multiarch --enable-linker-build-id --with-system-zlib --libexecdir=/usr/lib --without-included-gettext --enable-threads=posix --with-gxx-include-dir=/usr/include/c++/4.4 --libdir=/usr/lib --enable-nls --enable-clocale=gnu --enable-libstdcxx-debug --enable-objc-gc --with-arch-32=i586 --with-tune=generic --enable-checking=release --build=x86_64-linux-gnu --host=x86_64-linux-gnu --target=x86_64-linux-gnu
Thread model: posix
gcc version 4.4.5 (Debian 4.4.5-8) 
configure:4248: $? = 0
configure:4237: gcc -V >&5
gcc: '-V' option must have argument
configure:4248: $? = 1
configure:4237: gcc -qversion >&5
gcc: unrecognized option '-qversion'
gcc: no input files
configure:4248: $? = 1
configure:4252: checking whether we are using the GNU C compiler
configure:4280: result: yes
configure:4289: checking whether gcc accepts -g
configure:4350: result: yes
configure:4367: checking for gcc option to accept ISO C89
configure:4443: result: none needed
configure:4465: checking dependency style of gcc
configure:4576: result: gcc3
configure:4592: checking whether gcc and cc understand -c and -o together
configure:4623: gcc -c conftest.c -o conftest2.o >&5
configure:4627: $? = 0
configure:4633: gcc -c conftest.c -o conftest2.o >&5
configure:4637: $? = 0
configure:4648: cc -c conftest.c >&5
configure:4652: $? = 0
configure:4660: cc -c conftest.c -o conftest2.o >&5
configure:4664: $? = 0
configure:4670: cc -c conftest.c -o conftest2.o >&5
configure:4674: $? = 0
configure:4692: result: yes
configure:4747: checking build system type
configure:4761: result: x86_64-unknown-linux-gnu
configure:4781: checking host system type
configure:4794: result: x86_64-unknown-linux-gnu
configure:4835: checking how to print strings
configure:4862: result: printf
configure:4883: checking for a sed that does not truncate output
configure:4947: result: /bin/sed
configure:4965: checking for grep that handles long lines and -e
configure:5023: result: /bin/grep
configure:5028: checking for egrep
configure:5090: result: /bin/grep -E
configure:5095: checking for fgrep
configure:5157: result: /bin/grep -F
configure:5192: checking for ld used by gcc
configure:5259: result: /usr/bin/ld
configure:5266: checking if the linker (/usr/bin/ld) is GNU ld
configure:5281: result: yes
configure:5293: checking for BSD- or MS-compatible name lister (nm)
configure:5342: result: /usr/bin/nm -B
configure:5472: checking the name lister (/usr/bin/nm -B) interface
configure:5479: gcc -c -g -O2  conftest.c >&5
configure:5482: /usr/bin/nm -B "conftest.o"
configure:5485: output
0000000000000000 B some_variable
configure:5492: result: BSD nm
configure:5495: checking whether ln -s works
configure:5499: result: yes
configure:5507: checking the maximum length of command line arguments
configure:5637: result: 1572864
configure:5654: checking whether the shell understands some XSI constructs
configure:5664: result: yes
configure:5668: checking whether the shell understands "+="
configure:5674: result: yes
configure:5709: checking how to convert x86_64-unknown-linux-gnu file names to x86_64-unknown-linux-gnu format
configure:5749: result: func_convert_file_noop
configure:5756: checking how to convert x86_64-unknown-linux-gnu file names to toolchain format
configure:5776: result: func_convert_file_noop
configure:5783: checking for /usr/bin/ld option to reload object files
configure:5790: result: -r
configure:5864: checking for objdump
configure:5880: found /usr/bin/objdump
configure:5891: result: objdump
configure:5923: checking how to recognize dependent libraries
configure:6125: result: pass_all
configure:6210: checking for dlltool
configure:6240: result: no
configure:6270: checking how to associate runtime and link libraries
configure:6297: result: printf %s\n
configure:6421: checking for archiver @FILE support
configure:6438: gcc -c -g -O2  conftest.c >&5
configure:6438: $? = 0
configure:6441: ar cru libconftest.a @conftest.lst >&5
configure:6444: $? = 0
configure:6449: ar cru libconftest.a @conftest.lst >&5
ar: conftest.o: No such file or directory
configure:6452: $? = 1
configure:6464: result: @
configure:6522: checking for strip
configure:6538: found /usr/bin/strip
configure:6549: result: strip
configure:6621: checking for ranlib
configure:6637: found /usr/bin/ranlib
configure:6648: result: ranlib
configure:6750: checking command to parse /usr/bin/nm -B output from gcc object
configure:6870: gcc -c -g -O2  conftest.c >&5
configure:6873: $? = 0
configure:6877: /usr/bin/nm -B conftest.o \| sed -n -e 's/^.*[ ]\([ABCDGIRSTW][ABCDGIRSTW]*\)[ ][ ]*\([_A-Za-z][_A-Za-z0-9]*\)$/\1 \2 \2/p' | sed '/ __gnu_lto/d' \> conftest.nm
configure:6880: $? = 0
configure:6946: gcc -o conftest -g -O2   conftest.c conftstm.o >&5
configure:6949: $? = 0
configure:6987: result: ok
configure:7024: checking for sysroot
configure:7054: result: no
configure:7131: gcc -c -g -O2  conftest.c >&5
configure:7134: $? = 0
configure:7310: checking for mt
configure:7326: found /bin/mt
configure:7337: result: mt
configure:7360: checking if mt is a manifest tool
configure:7366: mt '-?'
configure:7374: result: no
configure:8016: checking how to run the C preprocessor
configure:8047: gcc -E  conftest.c
configure:8047: $? = 0
configure:8061: gcc -E  conftest.c
conftest.c:11:28: error: ac_nonexistent.h: No such file or directory
configure:8061: $? = 1
configure: failed program was:
| /* confdefs.h */
| #define PACKAGE_NAME "libnl"
| #define PACKAGE_TARNAME "libnl"
| #define PACKAGE_VERSION "3.2.23"
| #define PACKAGE_STRING "libnl 3.2.23"
| #define PACKAGE_BUGREPORT ""
| #define PACKAGE_URL "http://www.infradead.org/~tgr/libnl/"
| #define PACKAGE "libnl"
| #define VERSION "3.2.23"
| /* end confdefs.h.  */
| #include <ac_nonexistent.h>
configure:8086: result: gcc -E
configure:8106: gcc -E  conftest.c
configure:8106: $? = 0
configure:8120: gcc -E  conftest.c
conftest.c:11:28: error: ac_nonexistent.h: No such file or directory
configure:8120: $? = 1
configure: failed program was:
| /* confdefs.h */
| #define PACKAGE_NAME "libnl"
| #define PACKAGE_TARNAME "libnl"
| #define PACKAGE_VERSION "3.2.23"
| #define PACKAGE_STRING "libnl 3.2.23"
| #define PACKAGE_BUGREPORT ""
| #define PACKAGE_URL "http://www.infradead.org/~tgr/libnl/"
| #define PACKAGE "libnl"
| #define VERSION "3.2.23"
| /* end confdefs.h.  */
| #include <ac_nonexistent.h>
configure:8149: checking for ANSI C header files
configure:8169: gcc -c -g -O2  conftest.c >&5
configure:8169: $? = 0
configure:8242: gcc -o conftest -g -O2   conftest.c  >&5
configure:8242: $? = 0
configure:8242: ./conftest
configure:8242: $? = 0
configure:8253: result: yes
configure:8266: checking for sys/types.h
configure:8266: gcc -c -g -O2  conftest.c >&5
configure:8266: $? = 0
configure:8266: result: yes
configure:8266: checking for sys/stat.h
configure:8266: gcc -c -g -O2  conftest.c >&5
configure:8266: $? = 0
configure:8266: result: yes
configure:8266: checking for stdlib.h
configure:8266: gcc -c -g -O2  conftest.c >&5
configure:8266: $? = 0
configure:8266: result: yes
configure:8266: checking for string.h
configure:8266: gcc -c -g -O2  conftest.c >&5
configure:8266: $? = 0
configure:8266: result: yes
configure:8266: checking for memory.h
configure:8266: gcc -c -g -O2  conftest.c >&5
configure:8266: $? = 0
configure:8266: result: yes
configure:8266: checking for strings.h
configure:8266: gcc -c -g -O2  conftest.c >&5
configure:8266: $? = 0
configure:8266: result: yes
configure:8266: checking for inttypes.h
configure:8266: gcc -c -g -O2  conftest.c >&5
configure:8266: $? = 0
configure:8266: result: yes
configure:8266: checking for stdint.h
configure:8266: gcc -c -g -O2  conftest.c >&5
configure:8266: $? = 0
configure:8266: result: yes
configure:8266: checking for unistd.h
configure:8266: gcc -c -g -O2  conftest.c >&5
configure:8266: $? = 0
configure:8266: result: yes
configure:8280: checking for dlfcn.h
configure:8280: gcc -c -g -O2  conftest.c >&5
configure:8280: $? = 0
configure:8280: result: yes
configure:8486: checking for objdir
configure:8501: result: .libs
configure:8772: checking if gcc supports -fno-rtti -fno-exceptions
configure:8790: gcc -c -g -O2  -fno-rtti -fno-exceptions conftest.c >&5
cc1: warning: command line option "-fno-rtti" is valid for C++/ObjC++ but not for C
configure:8794: $? = 0
configure:8807: result: no
configure:9134: checking for gcc option to produce PIC
configure:9141: result: -fPIC -DPIC
configure:9149: checking if gcc PIC flag -fPIC -DPIC works
configure:9167: gcc -c -g -O2  -fPIC -DPIC -DPIC conftest.c >&5
configure:9171: $? = 0
configure:9184: result: yes
configure:9213: checking if gcc static flag -static works
configure:9241: result: yes
configure:9256: checking if gcc supports -c -o file.o
configure:9277: gcc -c -g -O2  -o out/conftest2.o conftest.c >&5
configure:9281: $? = 0
configure:9303: result: yes
configure:9311: checking if gcc supports -c -o file.o
configure:9358: result: yes
configure:9391: checking whether the gcc linker (/usr/bin/ld -m elf_x86_64) supports shared libraries
configure:10544: result: yes
configure:10581: checking whether -lc should be explicitly linked in
configure:10589: gcc -c -g -O2  conftest.c >&5
configure:10592: $? = 0
configure:10607: gcc -shared  -fPIC -DPIC conftest.o  -v -Wl,-soname -Wl,conftest -o conftest 2\>\&1 \| /bin/grep  -lc  \>/dev/null 2\>\&1
configure:10610: $? = 0
configure:10624: result: no
configure:10784: checking dynamic linker characteristics
configure:11295: gcc -o conftest -g -O2   -Wl,-rpath -Wl,/foo conftest.c  >&5
configure:11295: $? = 0
configure:11521: result: GNU/Linux ld.so
configure:11628: checking how to hardcode library paths into programs
configure:11653: result: immediate
configure:12193: checking whether stripping libraries is possible
configure:12198: result: yes
configure:12233: checking if libtool supports shared libraries
configure:12235: result: yes
configure:12238: checking whether to build shared libraries
configure:12259: result: yes
configure:12262: checking whether to build static libraries
configure:12266: result: yes
configure:12307: checking for flex
configure:12323: found /usr/bin/flex
configure:12334: result: flex
configure:12349: checking for bison
configure:12365: found /usr/bin/bison
configure:12376: result: bison -y
configure:12388: checking for an ANSI C-conforming const
configure:12454: gcc -c -g -O2  conftest.c >&5
configure:12454: $? = 0
configure:12461: result: yes
configure:12469: checking for inline
configure:12485: gcc -c -g -O2  conftest.c >&5
configure:12485: $? = 0
configure:12493: result: inline
configure:12566: checking for pkg-config
configure:12599: result: no
configure:12634: checking for CHECK
configure:12695: result: no
configure:12697: WARNING: *** Disabling building of unit tests
configure:12775: checking for pow in -lm
configure:12800: gcc -o conftest -g -O2   conftest.c -lm   >&5
conftest.c:30: warning: conflicting types for built-in function 'pow'
configure:12800: $? = 0
configure:12809: result: yes
configure:12828: checking for pthread_mutex_lock in -lpthread
configure:12853: gcc -o conftest -g -O2   conftest.c -lpthread  -lm  >&5
configure:12853: $? = 0
configure:12862: result: yes
configure:13015: checking that generated files are newer than configure
configure:13021: result: done
configure:13064: creating ./config.status

## ---------------------- ##
## Running config.status. ##
## ---------------------- ##

This file was extended by libnl config.status 3.2.23, which was
generated by GNU Autoconf 2.69.  Invocation command line was

  CONFIG_FILES    = 
  CONFIG_HEADERS  = 
  CONFIG_LINKS    = 
  CONFIG_COMMANDS = 
  $ ./config.status 

on debian

config.status:1126: creating Makefile
config.status:1126: creating libnl.sym
config.status:1126: creating libnl-3.0.pc
config.status:1126: creating libnl-route-3.0.pc
config.status:1126: creating libnl-genl-3.0.pc
config.status:1126: creating libnl-nf-3.0.pc
config.status:1126: creating libnl-cli-3.0.pc
config.status:1126: creating lib/Makefile
config.status:1126: creating include/Makefile
config.status:1126: creating src/Makefile
config.status:1126: creating src/lib/Makefile
config.status:1126: creating tests/Makefile
config.status:1126: creating man/Makefile
config.status:1126: creating python/Makefile
config.status:1126: creating python/setup.py
config.status:1126: creating python/netlink/Makefile
config.status:1126: creating python/netlink/genl/Makefile
config.status:1126: creating python/netlink/route/Makefile
config.status:1126: creating include/netlink/version.h
config.status:1126: creating lib/defs.h
config.status:1307: lib/defs.h is unchanged
config.status:1355: executing depfiles commands
config.status:1355: executing libtool commands

## ---------------- ##
## Cache variables. ##
## ---------------- ##

ac_cv_build=x86_64-unknown-linux-gnu
ac_cv_c_compiler_gnu=yes
ac_cv_c_const=yes
ac_cv_c_inline=inline
ac_cv_env_CC_set=
ac_cv_env_CC_value=
ac_cv_env_CFLAGS_set=
ac_cv_env_CFLAGS_value=
ac_cv_env_CHECK_CFLAGS_set=
ac_cv_env_CHECK_CFLAGS_value=
ac_cv_env_CHECK_LIBS_set=
ac_cv_env_CHECK_LIBS_value=
ac_cv_env_CPPFLAGS_set=
ac_cv_env_CPPFLAGS_value=
ac_cv_env_CPP_set=
ac_cv_env_CPP_value=
ac_cv_env_LDFLAGS_set=
ac_cv_env_LDFLAGS_value=
ac_cv_env_LIBS_set=
ac_cv_env_LIBS_value=
ac_cv_env_PKG_CONFIG_LIBDIR_set=
ac_cv_env_PKG_CONFIG_LIBDIR_value=
ac_cv_env_PKG_CONFIG_PATH_set=
ac_cv_env_PKG_CONFIG_PATH_value=
ac_cv_env_PKG_CONFIG_set=
ac_cv_env_PKG_CONFIG_value=
ac_cv_env_build_alias_set=
ac_cv_env_build_alias_value=
ac_cv_env_host_alias_set=
ac_cv_env_host_alias_value=
ac_cv_env_target_alias_set=
ac_cv_env_target_alias_value=
ac_cv_header_dlfcn_h=yes
ac_cv_header_inttypes_h=yes
ac_cv_header_memory_h=yes
ac_cv_header_stdc=yes
ac_cv_header_stdint_h=yes
ac_cv_header_stdlib_h=yes
ac_cv_header_string_h=yes
ac_cv_header_strings_h=yes
ac_cv_header_sys_stat_h=yes
ac_cv_header_sys_types_h=yes
ac_cv_header_unistd_h=yes
ac_cv_host=x86_64-unknown-linux-gnu
ac_cv_lib_m_pow=yes
ac_cv_lib_pthread_pthread_mutex_lock=yes
ac_cv_objext=o
ac_cv_path_EGREP='/bin/grep -E'
ac_cv_path_FGREP='/bin/grep -F'
ac_cv_path_GREP=/bin/grep
ac_cv_path_SED=/bin/sed
ac_cv_path_install='/usr/bin/install -c'
ac_cv_path_mkdir=/bin/mkdir
ac_cv_prog_AWK=mawk
ac_cv_prog_CPP='gcc -E'
ac_cv_prog_FLEX=flex
ac_cv_prog_YACC='bison -y'
ac_cv_prog_ac_ct_AR=ar
ac_cv_prog_ac_ct_CC=gcc
ac_cv_prog_ac_ct_MANIFEST_TOOL=mt
ac_cv_prog_ac_ct_OBJDUMP=objdump
ac_cv_prog_ac_ct_RANLIB=ranlib
ac_cv_prog_ac_ct_STRIP=strip
ac_cv_prog_cc_c89=
ac_cv_prog_cc_g=yes
ac_cv_prog_cc_gcc_c_o=yes
ac_cv_prog_make_make_set=yes
am_cv_CC_dependencies_compiler_type=gcc3
am_cv_ar_interface=ar
am_cv_make_support_nested_variables=yes
lt_cv_ar_at_file=@
lt_cv_archive_cmds_need_lc=no
lt_cv_deplibs_check_method=pass_all
lt_cv_file_magic_cmd='$MAGIC_CMD'
lt_cv_file_magic_test_file=
lt_cv_ld_reload_flag=-r
lt_cv_nm_interface='BSD nm'
lt_cv_objdir=.libs
lt_cv_path_LD=/usr/bin/ld
lt_cv_path_NM='/usr/bin/nm -B'
lt_cv_path_mainfest_tool=no
lt_cv_prog_compiler_c_o=yes
lt_cv_prog_compiler_pic='-fPIC -DPIC'
lt_cv_prog_compiler_pic_works=yes
lt_cv_prog_compiler_rtti_exceptions=no
lt_cv_prog_compiler_static_works=yes
lt_cv_prog_gnu_ld=yes
lt_cv_sharedlib_from_linklib_cmd='printf %s\n'
lt_cv_shlibpath_overrides_runpath=no
lt_cv_sys_global_symbol_pipe='sed -n -e '\''s/^.*[	 ]\([ABCDGIRSTW][ABCDGIRSTW]*\)[	 ][	 ]*\([_A-Za-z][_A-Za-z0-9]*\)$/\1 \2 \2/p'\'' | sed '\''/ __gnu_lto/d'\'''
lt_cv_sys_global_symbol_to_c_name_address='sed -n -e '\''s/^: \([^ ]*\)[ ]*$/  {\"\1\", (void *) 0},/p'\'' -e '\''s/^[ABCDGIRSTW]* \([^ ]*\) \([^ ]*\)$/  {"\2", (void *) \&\2},/p'\'''
lt_cv_sys_global_symbol_to_c_name_address_lib_prefix='sed -n -e '\''s/^: \([^ ]*\)[ ]*$/  {\"\1\", (void *) 0},/p'\'' -e '\''s/^[ABCDGIRSTW]* \([^ ]*\) \(lib[^ ]*\)$/  {"\2", (void *) \&\2},/p'\'' -e '\''s/^[ABCDGIRSTW]* \([^ ]*\) \([^ ]*\)$/  {"lib\2", (void *) \&\2},/p'\'''
lt_cv_sys_global_symbol_to_cdecl='sed -n -e '\''s/^T .* \(.*\)$/extern int \1();/p'\'' -e '\''s/^[ABCDGIRSTW]* .* \(.*\)$/extern char \1;/p'\'''
lt_cv_sys_max_cmd_len=1572864
lt_cv_to_host_file_cmd=func_convert_file_noop
lt_cv_to_tool_file_cmd=func_convert_file_noop

## ----------------- ##
## Output variables. ##
## ----------------- ##

ACLOCAL='${SHELL} /root/clondike/sources/libnl-3/build-aux/missing aclocal-1.13'
AMDEPBACKSLASH='\'
AMDEP_FALSE='#'
AMDEP_TRUE=''
AMTAR='$${TAR-tar}'
AM_BACKSLASH='\'
AM_DEFAULT_V='$(AM_DEFAULT_VERBOSITY)'
AM_DEFAULT_VERBOSITY='0'
AM_V='$(V)'
AR='ar'
AUTOCONF='${SHELL} /root/clondike/sources/libnl-3/build-aux/missing autoconf'
AUTOHEADER='${SHELL} /root/clondike/sources/libnl-3/build-aux/missing autoheader'
AUTOMAKE='${SHELL} /root/clondike/sources/libnl-3/build-aux/missing automake-1.13'
AWK='mawk'
CC='gcc'
CCDEPMODE='depmode=gcc3'
CFLAGS='-g -O2'
CHECK_CFLAGS=''
CHECK_LIBS=''
CPP='gcc -E'
CPPFLAGS=''
CYGPATH_W='echo'
DEFS='-DHAVE_CONFIG_H'
DEPDIR='.deps'
DISABLE_PTHREADS_FALSE=''
DISABLE_PTHREADS_TRUE='#'
DLLTOOL='false'
DSYMUTIL=''
DUMPBIN=''
ECHO_C=''
ECHO_N='-n'
ECHO_T=''
EGREP='/bin/grep -E'
ENABLE_CLI_FALSE='#'
ENABLE_CLI_TRUE=''
ENABLE_DEBUG_FALSE=''
ENABLE_DEBUG_TRUE='#'
ENABLE_UNIT_TESTS_FALSE=''
ENABLE_UNIT_TESTS_TRUE='#'
EXEEXT=''
FGREP='/bin/grep -F'
FLEX='flex'
GREP='/bin/grep'
INSTALL_DATA='${INSTALL} -m 644'
INSTALL_PROGRAM='${INSTALL}'
INSTALL_SCRIPT='${INSTALL}'
INSTALL_STRIP_PROGRAM='$(install_sh) -c -s'
LD='/usr/bin/ld -m elf_x86_64'
LDFLAGS=''
LIBNL_VERSION='3.2.23'
LIBOBJS=''
LIBS='-lpthread -lm '
LIBTOOL='$(SHELL) $(top_builddir)/libtool'
LIPO=''
LN_S='ln -s'
LTLIBOBJS=''
LT_AGE='18'
LT_CURRENT='218'
LT_REVISION='0'
MAJ_VERSION='3'
MAKEINFO='${SHELL} /root/clondike/sources/libnl-3/build-aux/missing makeinfo'
MANIFEST_TOOL=':'
MIC_VERSION='23'
MIN_VERSION='2'
MKDIR_P='/bin/mkdir -p'
NM='/usr/bin/nm -B'
NMEDIT=''
OBJDUMP='objdump'
OBJEXT='o'
OTOOL64=''
OTOOL=''
PACKAGE='libnl'
PACKAGE_BUGREPORT=''
PACKAGE_NAME='libnl'
PACKAGE_STRING='libnl 3.2.23'
PACKAGE_TARNAME='libnl'
PACKAGE_URL='http://www.infradead.org/~tgr/libnl/'
PACKAGE_VERSION='3.2.23'
PATH_SEPARATOR=':'
PKG_CONFIG=''
PKG_CONFIG_LIBDIR=''
PKG_CONFIG_PATH=''
RANLIB='ranlib'
SED='/bin/sed'
SET_MAKE=''
SHELL='/bin/bash'
STRIP='strip'
VERSION='3.2.23'
YACC='bison -y'
ac_ct_AR='ar'
ac_ct_CC='gcc'
ac_ct_DUMPBIN=''
am__EXEEXT_FALSE=''
am__EXEEXT_TRUE='#'
am__fastdepCC_FALSE='#'
am__fastdepCC_TRUE=''
am__include='include'
am__isrc=''
am__leading_dot='.'
am__nodep='_no'
am__quote=''
am__tar='$${TAR-tar} chof - "$$tardir"'
am__untar='$${TAR-tar} xf -'
bindir='${exec_prefix}/bin'
build='x86_64-unknown-linux-gnu'
build_alias=''
build_cpu='x86_64'
build_os='linux-gnu'
build_vendor='unknown'
datadir='${datarootdir}'
datarootdir='${prefix}/share'
docdir='${datarootdir}/doc/${PACKAGE_TARNAME}'
dvidir='${docdir}'
exec_prefix='${prefix}'
host='x86_64-unknown-linux-gnu'
host_alias=''
host_cpu='x86_64'
host_os='linux-gnu'
host_vendor='unknown'
htmldir='${docdir}'
includedir='${prefix}/include'
infodir='${datarootdir}/info'
install_sh='${SHELL} /root/clondike/sources/libnl-3/build-aux/install-sh'
libdir='${exec_prefix}/lib'
libexecdir='${exec_prefix}/libexec'
localedir='${datarootdir}/locale'
localstatedir='${prefix}/var'
mandir='${datarootdir}/man'
mkdir_p='$(MKDIR_P)'
oldincludedir='/usr/include'
pdfdir='${docdir}'
pkgconfigdir='${libdir}/pkgconfig'
prefix='/usr'
program_transform_name='s,x,x,'
psdir='${docdir}'
sbindir='${exec_prefix}/sbin'
sharedstatedir='${prefix}/com'
subdirs=' doc'
sysconfdir='/etc'
target_alias=''

## ----------- ##
## confdefs.h. ##
## ----------- ##

/* confdefs.h */
#define PACKAGE_NAME "libnl"
#define PACKAGE_TARNAME "libnl"
#define PACKAGE_VERSION "3.2.23"
#define PACKAGE_STRING "libnl 3.2.23"
#define PACKAGE_BUGREPORT ""
#define PACKAGE_URL "http://www.infradead.org/~tgr/libnl/"
#define PACKAGE "libnl"
#define VERSION "3.2.23"
#define STDC_HEADERS 1
#define HAVE_SYS_TYPES_H 1
#define HAVE_SYS_STAT_H 1
#define HAVE_STDLIB_H 1
#define HAVE_STRING_H 1
#define HAVE_MEMORY_H 1
#define HAVE_STRINGS_H 1
#define HAVE_INTTYPES_H 1
#define HAVE_STDINT_H 1
#define HAVE_UNISTD_H 1
#define HAVE_DLFCN_H 1
#define LT_OBJDIR ".libs/"
#define HAVE_LIBM 1
#define HAVE_LIBPTHREAD 1
#define NL_DEBUG 1

configure: exit 0
